<?xml version="1.0" encoding="UTF-8"?>
<!-- Generated by org.testng.reporters.JUnitReportReporter -->
<testsuite hostname="LAPTOP-B73T7O77" failures="0" tests="1" name="groupName.Test11" time="0.006" errors="0" timestamp="2020-06-04T18:24:28 EDT" skipped="0">
  <testcase classname="groupName.Test11" name="testC1" time="0.006"/>
  <system-out/>
</testsuite> <!-- groupName.Test11 -->
