<?xml version="1.0" encoding="UTF-8"?>
<!-- Generated by org.testng.reporters.JUnitReportReporter -->
<testsuite hostname="LAPTOP-B73T7O77" failures="0" tests="3" name="test1.TestB" time="0.024" errors="0" timestamp="2020-06-03T21:48:43 EDT" skipped="0">
  <testcase classname="test1.TestB" name="testB2" time="0.001"/>
  <system-out/>
  <testcase classname="test1.TestB" name="testB3" time="0.002"/>
  <system-out/>
  <testcase classname="test1.TestB" name="testB1" time="0.021"/>
  <system-out/>
</testsuite> <!-- test1.TestB -->
