<?xml version="1.0" encoding="UTF-8"?>
<!-- Generated by org.testng.reporters.JUnitReportReporter -->
<testsuite hostname="LAPTOP-B73T7O77" failures="0" tests="1" name="test2.TestB" time="1.801" errors="0" timestamp="2020-06-11T16:41:24 EDT" skipped="0">
  <testcase classname="test2.TestB" name="testB1" time="1.801"/>
  <system-out/>
</testsuite> <!-- test2.TestB -->
