<?xml version="1.0" encoding="UTF-8"?>
<!-- Generated by org.testng.reporters.JUnitReportReporter -->
<testsuite hostname="LAPTOP-B73T7O77" failures="0" tests="1" name="project1.WikipediaTest" time="4.914" errors="0" timestamp="2020-06-04T17:11:55 EDT" skipped="0">
  <testcase classname="project1.WikipediaTest" name="selectLanguage" time="4.914"/>
  <system-out/>
</testsuite> <!-- project1.WikipediaTest -->
