<?xml version="1.0" encoding="UTF-8"?>
<!-- Generated by org.testng.reporters.JUnitReportReporter -->
<testsuite hostname="LAPTOP-B73T7O77" failures="0" tests="1" name="online_shopping.SearchTest2" time="16.658" errors="0" timestamp="2020-06-15T13:54:33 EDT" skipped="0">
  <testcase classname="online_shopping.SearchTest2" name="orderingGoods" time="16.658"/>
  <system-out/>
</testsuite> <!-- online_shopping.SearchTest2 -->
