<?xml version="1.0" encoding="UTF-8"?>
<!-- Generated by org.testng.reporters.JUnitReportReporter -->
<testsuite hostname="LAPTOP-B73T7O77" failures="0" tests="3" name="test1.TestC" time="0.015" errors="0" timestamp="2020-06-04T13:21:47 EDT" skipped="0">
  <testcase classname="test1.TestC" name="testC2" time="0.002"/>
  <system-out/>
  <testcase classname="test1.TestC" name="testC3" time="0.001"/>
  <system-out/>
  <testcase classname="test1.TestC" name="testC1" time="0.012"/>
  <system-out/>
</testsuite> <!-- test1.TestC -->
