<?xml version="1.0" encoding="UTF-8"?>
<!-- Generated by org.testng.reporters.JUnitReportReporter -->
<testsuite hostname="LAPTOP-B73T7O77" failures="0" tests="3" name="test1.TestA" time="0.010" errors="0" timestamp="2020-06-03T23:27:06 EDT" skipped="0">
  <testcase classname="test1.TestA" name="testA1" time="0.008"/>
  <system-out/>
  <testcase classname="test1.TestA" name="testA2" time="0.001"/>
  <system-out/>
  <testcase classname="test1.TestA" name="testA3" time="0.001"/>
  <system-out/>
</testsuite> <!-- test1.TestA -->
