<?xml version="1.0" encoding="UTF-8"?>
<!-- Generated by org.testng.reporters.JUnitReportReporter -->
<testsuite hostname="LAPTOP-B73T7O77" failures="0" tests="1" name="excelTest.Facebook" time="2.272" errors="0" timestamp="2020-06-18T17:44:57 EDT" skipped="0">
  <testcase classname="excelTest.Facebook" name="registrationForm" time="2.272"/>
  <system-out/>
</testsuite> <!-- excelTest.Facebook -->
