<?xml version="1.0" encoding="UTF-8"?>
<!-- Generated by org.testng.reporters.JUnitReportReporter -->
<testsuite hostname="LAPTOP-B73T7O77" failures="0" tests="3" name="test2.TestC" time="0.002" errors="0" timestamp="2020-06-18T03:23:52 EDT" skipped="0">
  <testcase classname="test2.TestC" name="testC" time="0.000"/>
  <system-out/>
  <testcase classname="test2.TestC" name="testC3" time="0.001"/>
  <system-out/>
  <testcase classname="test2.TestC" name="testC2" time="0.001"/>
  <system-out/>
</testsuite> <!-- test2.TestC -->
