<?xml version="1.0" encoding="UTF-8"?>
<!-- Generated by org.testng.reporters.JUnitReportReporter -->
<testsuite hostname="LAPTOP-B73T7O77" failures="0" tests="1" name="test2.TestB" time="2.235" errors="0" timestamp="2020-06-18T03:23:52 EDT" skipped="0">
  <testcase classname="test2.TestB" name="testB1" time="2.235"/>
  <system-out/>
</testsuite> <!-- test2.TestB -->
