<?xml version="1.0" encoding="UTF-8"?>
<!-- Generated by org.testng.reporters.JUnitReportReporter -->
<testsuite hostname="LAPTOP-B73T7O77" failures="0" tests="1" name="test.WikipediaTest" time="5.938" errors="0" timestamp="2020-06-18T03:23:51 EDT" skipped="0">
  <testcase classname="test.WikipediaTest" name="selectTest" time="5.938"/>
  <system-out/>
</testsuite> <!-- test.WikipediaTest -->
