<?xml version="1.0" encoding="UTF-8"?>
<!-- Generated by org.testng.reporters.JUnitReportReporter -->
<testsuite hostname="LAPTOP-B73T7O77" failures="0" tests="1" name="test2.TestA" time="8.305" errors="0" timestamp="2020-06-07T17:39:28 EDT" skipped="0">
  <testcase classname="test2.TestA" name="selectGoods" time="8.305"/>
  <system-out/>
</testsuite> <!-- test2.TestA -->
